Receiving GPS data
2021-09-26 00:02:14, 1632614534, Lat: 38.889108, Lng: -77.089234, Speed: 0.27
2021-09-26 00:02:15, 1632614535, Lat: 38.889108, Lng: -77.089235, Speed: 0.30
2021-09-26 00:02:16, 1632614536, Lat: 38.889108, Lng: -77.089236, Speed: 0.11
2021-09-26 00:02:17, 1632614537, Lat: 38.889109, Lng: -77.089239, Speed: 0.20
2021-09-26 00:02:18, 1632614538, Lat: 38.889109, Lng: -77.089241, Speed: 0.23
2021-09-26 00:02:19, 1632614539, Lat: 38.889109, Lng: -77.089240, Speed: 0.50
2021-09-26 00:02:20, 1632614540, Lat: 38.889108, Lng: -77.089246, Speed: 0.22
2021-09-26 00:02:21, 1632614541, Lat: 38.889109, Lng: -77.089244, Speed: 0.75
2021-09-26 00:02:22, 1632614542, Lat: 38.889109, Lng: -77.089244, Speed: 0.45
2021-09-26 00:02:23, 1632614543, Lat: 38.889110, Lng: -77.089238, Speed: 1.05
2021-09-26 00:02:24, 1632614544, Lat: 38.889111, Lng: -77.089239, Speed: 0.34
2021-09-26 00:02:25, 1632614545, Lat: 38.889112, Lng: -77.089240, Speed: 0.16
2021-09-26 00:02:26, 1632614546, Lat: 38.889113, Lng: -77.089243, Speed: 0.22
2021-09-26 00:02:27, 1632614547, Lat: 38.889113, Lng: -77.089245, Speed: 0.31
2021-09-26 00:02:28, 1632614548, Lat: 38.889114, Lng: -77.089248, Speed: 0.33
2021-09-26 00:02:29, 1632614549, Lat: 38.889115, Lng: -77.089248, Speed: 0.33
2021-09-26 00:02:30, 1632614550, Lat: 38.889117, Lng: -77.089248, Speed: 0.19
2021-09-26 00:02:31, 1632614551, Lat: 38.889118, Lng: -77.089248, Speed: 0.17
2021-09-26 00:02:32, 1632614552, Lat: 38.889118, Lng: -77.089246, Speed: 0.37
2021-09-26 00:02:33, 1632614553, Lat: 38.889119, Lng: -77.089244, Speed: 0.28
2021-09-26 00:02:34, 1632614554, Lat: 38.889120, Lng: -77.089244, Speed: 0.14
2021-09-26 00:02:35, 1632614555, Lat: 38.889121, Lng: -77.089244, Speed: 0.23
2021-09-26 00:02:36, 1632614556, Lat: 38.889124, Lng: -77.089242, Speed: 0.35
2021-09-26 00:02:37, 1632614557, Lat: 38.889124, Lng: -77.089241, Speed: 0.15
2021-09-26 00:02:38, 1632614558, Lat: 38.889125, Lng: -77.089239, Speed: 0.55
2021-09-26 00:02:39, 1632614559, Lat: 38.889126, Lng: -77.089241, Speed: 0.38
2021-09-26 00:02:40, 1632614560, Lat: 38.889127, Lng: -77.089246, Speed: 0.86
2021-09-26 00:02:41, 1632614561, Lat: 38.889130, Lng: -77.089245, Speed: 0.46
2021-09-26 00:02:42, 1632614562, Lat: 38.889129, Lng: -77.089246, Speed: 0.28
2021-09-26 00:02:43, 1632614563, Lat: 38.889129, Lng: -77.089243, Speed: 0.41
2021-09-26 00:02:44, 1632614564, Lat: 38.889129, Lng: -77.089247, Speed: 0.87
2021-09-26 00:02:45, 1632614565, Lat: 38.889127, Lng: -77.089250, Speed: 1.08
2021-09-26 00:02:46, 1632614566, Lat: 38.889126, Lng: -77.089244, Speed: 0.38
2021-09-26 00:02:47, 1632614567, Lat: 38.889122, Lng: -77.089245, Speed: 0.91
2021-09-26 00:02:48, 1632614568, Lat: 38.889122, Lng: -77.089245, Speed: 0.45
2021-09-26 00:02:49, 1632614569, Lat: 38.889123, Lng: -77.089244, Speed: 0.29
2021-09-26 00:02:50, 1632614570, Lat: 38.889125, Lng: -77.089242, Speed: 0.14
2021-09-26 00:02:51, 1632614571, Lat: 38.889128, Lng: -77.089240, Speed: 0.43
2021-09-26 00:02:52, 1632614572, Lat: 38.889130, Lng: -77.089237, Speed: 0.54
2021-09-26 00:02:53, 1632614573, Lat: 38.889134, Lng: -77.089231, Speed: 1.06
2021-09-26 00:02:54, 1632614574, Lat: 38.889137, Lng: -77.089229, Speed: 0.69
2021-09-26 00:02:55, 1632614575, Lat: 38.889138, Lng: -77.089229, Speed: 0.29
2021-09-26 00:02:56, 1632614576, Lat: 38.889144, Lng: -77.089230, Speed: 0.75
2021-09-26 00:02:57, 1632614577, Lat: 38.889147, Lng: -77.089229, Speed: 0.21
2021-09-26 00:02:58, 1632614578, Lat: 38.889147, Lng: -77.089229, Speed: 0.15
2021-09-26 00:02:59, 1632614579, Lat: 38.889152, Lng: -77.089226, Speed: 1.00
2021-09-26 00:03:00, 1632614580, Lat: 38.889154, Lng: -77.089226, Speed: 0.36
2021-09-26 00:03:01, 1632614581, Lat: 38.889155, Lng: -77.089227, Speed: 0.25
2021-09-26 00:03:02, 1632614582, Lat: 38.889157, Lng: -77.089228, Speed: 0.09
2021-09-26 00:03:03, 1632614583, Lat: 38.889159, Lng: -77.089228, Speed: 0.52
2021-09-26 00:03:04, 1632614584, Lat: 38.889159, Lng: -77.089230, Speed: 0.10
2021-09-26 00:03:05, 1632614585, Lat: 38.889161, Lng: -77.089230, Speed: 0.10
2021-09-26 00:03:06, 1632614586, Lat: 38.889162, Lng: -77.089230, Speed: 0.10
2021-09-26 00:03:07, 1632614587, Lat: 38.889161, Lng: -77.089232, Speed: 0.50
2021-09-26 00:03:08, 1632614588, Lat: 38.889162, Lng: -77.089232, Speed: 0.09
2021-09-26 00:03:09, 1632614589, Lat: 38.889164, Lng: -77.089230, Speed: 0.43
2021-09-26 00:03:10, 1632614590, Lat: 38.889165, Lng: -77.089230, Speed: 0.18
2021-09-26 00:03:11, 1632614591, Lat: 38.889166, Lng: -77.089228, Speed: 0.17
2021-09-26 00:03:12, 1632614592, Lat: 38.889167, Lng: -77.089229, Speed: 0.19
2021-09-26 00:03:13, 1632614593, Lat: 38.889166, Lng: -77.089229, Speed: 0.32
2021-09-26 00:03:14, 1632614594, Lat: 38.889165, Lng: -77.089230, Speed: 0.74
2021-09-26 00:03:15, 1632614595, Lat: 38.889171, Lng: -77.089227, Speed: 0.53
2021-09-26 00:03:16, 1632614596, Lat: 38.889172, Lng: -77.089226, Speed: 0.05
2021-09-26 00:03:17, 1632614597, Lat: 38.889170, Lng: -77.089228, Speed: 0.44
2021-09-26 00:03:18, 1632614598, Lat: 38.889169, Lng: -77.089228, Speed: 0.30
2021-09-26 00:03:19, 1632614599, Lat: 38.889173, Lng: -77.089223, Speed: 0.67
2021-09-26 00:03:20, 1632614600, Lat: 38.889173, Lng: -77.089220, Speed: 0.39
2021-09-26 00:03:21, 1632614601, Lat: 38.889173, Lng: -77.089219, Speed: 0.52
2021-09-26 00:03:22, 1632614602, Lat: 38.889176, Lng: -77.089217, Speed: 0.70
2021-09-26 00:03:23, 1632614603, Lat: 38.889178, Lng: -77.089217, Speed: 0.39
2021-09-26 00:03:24, 1632614604, Lat: 38.889179, Lng: -77.089221, Speed: 0.47
2021-09-26 00:03:25, 1632614605, Lat: 38.889183, Lng: -77.089219, Speed: 0.71
2021-09-26 00:03:26, 1632614606, Lat: 38.889185, Lng: -77.089216, Speed: 0.63
2021-09-26 00:03:27, 1632614607, Lat: 38.889183, Lng: -77.089217, Speed: 0.05
2021-09-26 00:03:28, 1632614608, Lat: 38.889179, Lng: -77.089218, Speed: 0.51
2021-09-26 00:03:29, 1632614609, Lat: 38.889174, Lng: -77.089221, Speed: 0.83
2021-09-26 00:03:30, 1632614610, Lat: 38.889176, Lng: -77.089223, Speed: 0.13
2021-09-26 00:03:31, 1632614611, Lat: 38.889177, Lng: -77.089222, Speed: 0.31
2021-09-26 00:03:32, 1632614612, Lat: 38.889175, Lng: -77.089222, Speed: 0.31
2021-09-26 00:03:33, 1632614613, Lat: 38.889175, Lng: -77.089223, Speed: 0.05
2021-09-26 00:03:34, 1632614614, Lat: 38.889176, Lng: -77.089221, Speed: 0.80
2021-09-26 00:03:35, 1632614615, Lat: 38.889173, Lng: -77.089223, Speed: 0.33
2021-09-26 00:03:36, 1632614616, Lat: 38.889171, Lng: -77.089223, Speed: 0.30
2021-09-26 00:03:37, 1632614617, Lat: 38.889170, Lng: -77.089223, Speed: 0.22
2021-09-26 00:03:38, 1632614618, Lat: 38.889167, Lng: -77.089223, Speed: 0.30
2021-09-26 00:03:39, 1632614619, Lat: 38.889164, Lng: -77.089223, Speed: 0.00
2021-09-26 00:03:40, 1632614620, Lat: 38.889164, Lng: -77.089223, Speed: 0.07
2021-09-26 00:03:41, 1632614621, Lat: 38.889164, Lng: -77.089221, Speed: 0.92
2021-09-26 00:03:42, 1632614622, Lat: 38.889158, Lng: -77.089223, Speed: 0.50
2021-09-26 00:03:43, 1632614623, Lat: 38.889155, Lng: -77.089225, Speed: 0.75
2021-09-26 00:03:44, 1632614624, Lat: 38.889145, Lng: -77.089228, Speed: 1.87
2021-09-26 00:03:45, 1632614625, Lat: 38.889144, Lng: -77.089233, Speed: 0.91
2021-09-26 00:03:46, 1632614626, Lat: 38.889143, Lng: -77.089234, Speed: 0.21
2021-09-26 00:03:47, 1632614627, Lat: 38.889139, Lng: -77.089235, Speed: 0.56
2021-09-26 00:03:48, 1632614628, Lat: 38.889142, Lng: -77.089237, Speed: 0.23
2021-09-26 00:03:49, 1632614629, Lat: 38.889142, Lng: -77.089230, Speed: 1.64
2021-09-26 00:03:50, 1632614630, Lat: 38.889145, Lng: -77.089227, Speed: 0.97
2021-09-26 00:03:51, 1632614631, Lat: 38.889143, Lng: -77.089226, Speed: 0.52
2021-09-26 00:03:52, 1632614632, Lat: 38.889146, Lng: -77.089220, Speed: 1.15
2021-09-26 00:03:53, 1632614633, Lat: 38.889147, Lng: -77.089219, Speed: 0.21
2021-09-26 00:03:54, 1632614634, Lat: 38.889146, Lng: -77.089217, Speed: 0.06
2021-09-26 00:03:55, 1632614635, Lat: 38.889144, Lng: -77.089218, Speed: 0.30
2021-09-26 00:03:56, 1632614636, Lat: 38.889143, Lng: -77.089218, Speed: 0.48
2021-09-26 00:03:57, 1632614637, Lat: 38.889133, Lng: -77.089220, Speed: 1.85
2021-09-26 00:03:58, 1632614638, Lat: 38.889130, Lng: -77.089221, Speed: 0.33
2021-09-26 00:03:59, 1632614639, Lat: 38.889130, Lng: -77.089221, Speed: 0.52
2021-09-26 00:04:00, 1632614640, Lat: 38.889128, Lng: -77.089225, Speed: 0.38
2021-09-26 00:04:01, 1632614641, Lat: 38.889128, Lng: -77.089232, Speed: 0.16
2021-09-26 00:04:02, 1632614642, Lat: 38.889129, Lng: -77.089239, Speed: 0.62
2021-09-26 00:04:03, 1632614643, Lat: 38.889125, Lng: -77.089240, Speed: 0.51
2021-09-26 00:04:04, 1632614644, Lat: 38.889128, Lng: -77.089242, Speed: 1.21
2021-09-26 00:04:05, 1632614645, Lat: 38.889126, Lng: -77.089247, Speed: 0.10
2021-09-26 00:04:06, 1632614646, Lat: 38.889122, Lng: -77.089251, Speed: 0.85
2021-09-26 00:04:07, 1632614647, Lat: 38.889115, Lng: -77.089250, Speed: 0.98
2021-09-26 00:04:08, 1632614648, Lat: 38.889111, Lng: -77.089252, Speed: 0.40
2021-09-26 00:04:09, 1632614649, Lat: 38.889107, Lng: -77.089254, Speed: 0.28
2021-09-26 00:04:10, 1632614650, Lat: 38.889100, Lng: -77.089255, Speed: 0.67
2021-09-26 00:04:11, 1632614651, Lat: 38.889101, Lng: -77.089253, Speed: 0.63
2021-09-26 00:04:12, 1632614652, Lat: 38.889102, Lng: -77.089253, Speed: 0.73
2021-09-26 00:04:13, 1632614653, Lat: 38.889099, Lng: -77.089258, Speed: 0.45
2021-09-26 00:04:14, 1632614654, Lat: 38.889092, Lng: -77.089256, Speed: 1.15
2021-09-26 00:04:15, 1632614655, Lat: 38.889086, Lng: -77.089259, Speed: 0.84
2021-09-26 00:04:16, 1632614656, Lat: 38.889081, Lng: -77.089263, Speed: 0.62
2021-09-26 00:04:17, 1632614657, Lat: 38.889074, Lng: -77.089270, Speed: 1.42
2021-09-26 00:04:18, 1632614658, Lat: 38.889069, Lng: -77.089273, Speed: 0.53
2021-09-26 00:04:19, 1632614659, Lat: 38.889071, Lng: -77.089274, Speed: 1.10
2021-09-26 00:04:20, 1632614660, Lat: 38.889080, Lng: -77.089265, Speed: 3.35
2021-09-26 00:04:21, 1632614661, Lat: 38.889082, Lng: -77.089270, Speed: 1.97
2021-09-26 00:04:22, 1632614662, Lat: 38.889080, Lng: -77.089271, Speed: 0.98
2021-09-26 00:04:23, 1632614663, Lat: 38.889076, Lng: -77.089267, Speed: 0.27
2021-09-26 00:04:24, 1632614664, Lat: 38.889074, Lng: -77.089269, Speed: 0.81
2021-09-26 00:04:25, 1632614665, Lat: 38.889079, Lng: -77.089269, Speed: 1.31
2021-09-26 00:04:26, 1632614666, Lat: 38.889083, Lng: -77.089260, Speed: 1.49
2021-09-26 00:04:27, 1632614667, Lat: 38.889087, Lng: -77.089254, Speed: 1.17
2021-09-26 00:04:28, 1632614668, Lat: 38.889099, Lng: -77.089249, Speed: 2.23
2021-09-26 00:04:29, 1632614669, Lat: 38.889107, Lng: -77.089233, Speed: 2.89
Traceback (most recent call last):
  File "gps-tracker.py", line 81, in <module>
    parse_gps(raw_data)
  File "gps-tracker.py", line 33, in parse_gps
    lat_dd = decimal_degrees(*dm(float(lat)))
ValueError: could not convert string to float: 
